2024.10.25 11:31:20 INFO  Started: Metals version 1.4.0 in folders 'C:\Users\Dell\Desktop\studiasuperzabawa\inf\UG_ZaawansowaneJezykiProgramowania' for client Visual Studio Code 1.94.2.
2024.10.25 11:31:22 WARN  Flyway upgrade recommended: H2 2.3.232 is newer than this version of Flyway and support has not been tested. The latest supported version of H2 is 2.2.224.
2024.10.25 11:31:22 INFO  no build target found for C:\Users\Dell\Desktop\studiasuperzabawa\inf\UG_ZaawansowaneJezykiProgramowania\25.10.2024\src\main\scala\zad1.scala. Using presentation compiler with project's scala-library version: 3.3.4
paź 25, 2024 11:31:28 AM org.eclipse.lsp4j.jsonrpc.RemoteEndpoint handleCancellation
WARNING: Unmatched cancel notification for request id 1
2024.10.25 11:31:28 INFO  no build target found for C:\Users\Dell\Desktop\studiasuperzabawa\inf\UG_ZaawansowaneJezykiProgramowania\25.10.2024\src\main\scala\zad1.scala. Using presentation compiler with project's scala-library version: 3.3.4
2024.10.25 11:31:28 INFO  no build target found for C:\Users\Dell\Desktop\studiasuperzabawa\inf\UG_ZaawansowaneJezykiProgramowania\25.10.2024\src\main\scala\zad1.scala. Using presentation compiler with project's scala-library version: 3.3.4
2024.10.25 11:31:29 INFO  no build target found for C:\Users\Dell\Desktop\studiasuperzabawa\inf\UG_ZaawansowaneJezykiProgramowania\25.10.2024\src\main\scala\zad1.scala. Using presentation compiler with project's scala-library version: 3.3.4
2024.10.25 11:31:29 INFO  skipping build import with status 'Failed'
paź 25, 2024 11:31:29 AM org.eclipse.lsp4j.jsonrpc.RemoteEndpoint handleCancellation
WARNING: Unmatched cancel notification for request id 6
2024.10.25 11:31:29 INFO  no build target found for C:\Users\Dell\Desktop\studiasuperzabawa\inf\UG_ZaawansowaneJezykiProgramowania\25.10.2024\src\main\scala\zad1.scala. Using presentation compiler with project's scala-library version: 3.3.4
2024.10.25 11:31:29 INFO  no build target found for C:\Users\Dell\Desktop\studiasuperzabawa\inf\UG_ZaawansowaneJezykiProgramowania\25.10.2024\src\main\scala\zad1.scala. Using presentation compiler with project's scala-library version: 3.3.4
2024.10.25 11:31:30 INFO  no build target found for C:\Users\Dell\Desktop\studiasuperzabawa\inf\UG_ZaawansowaneJezykiProgramowania\25.10.2024\src\main\scala\zad1.scala. Using presentation compiler with project's scala-library version: 3.3.4
2024.10.25 11:31:39 INFO  time: code lens generation in 9.39s
paź 25, 2024 11:31:42 AM org.eclipse.lsp4j.jsonrpc.services.GenericEndpoint notify
INFO: Unsupported notification method: $/setTrace
2024.10.25 11:32:00 INFO  no build target found for C:\Users\Dell\Desktop\studiasuperzabawa\inf\UG_ZaawansowaneJezykiProgramowania\25.10.2024\src\main\scala\zad1.scala. Using presentation compiler with project's scala-library version: 3.3.4
2024.10.25 11:32:03 INFO  no build target found for C:\Users\Dell\Desktop\studiasuperzabawa\inf\UG_ZaawansowaneJezykiProgramowania\25.10.2024\src\main\scala\zad1.scala. Using presentation compiler with project's scala-library version: 3.3.4
2024.10.25 11:32:03 INFO  no build target found for C:\Users\Dell\Desktop\studiasuperzabawa\inf\UG_ZaawansowaneJezykiProgramowania\25.10.2024\src\main\scala\zad1.scala. Using presentation compiler with project's scala-library version: 3.3.4
2024.10.25 11:32:03 INFO  no build target found for C:\Users\Dell\Desktop\studiasuperzabawa\inf\UG_ZaawansowaneJezykiProgramowania\25.10.2024\src\main\scala\zad1.scala. Using presentation compiler with project's scala-library version: 3.3.4
2024.10.25 11:32:03 INFO  no build target found for C:\Users\Dell\Desktop\studiasuperzabawa\inf\UG_ZaawansowaneJezykiProgramowania\25.10.2024\src\main\scala\zad1.scala. Using presentation compiler with project's scala-library version: 3.3.4
2024.10.25 11:32:06 INFO  no build target found for C:\Users\Dell\Desktop\studiasuperzabawa\inf\UG_ZaawansowaneJezykiProgramowania\25.10.2024\src\main\scala\zad1.scala. Using presentation compiler with project's scala-library version: 3.3.4
2024.10.25 11:32:06 INFO  no build target found for C:\Users\Dell\Desktop\studiasuperzabawa\inf\UG_ZaawansowaneJezykiProgramowania\25.10.2024\src\main\scala\zad1.scala. Using presentation compiler with project's scala-library version: 3.3.4
2024.10.25 11:32:10 INFO  no build target found for C:\Users\Dell\Desktop\studiasuperzabawa\inf\UG_ZaawansowaneJezykiProgramowania\25.10.2024\src\main\scala\zad1.scala. Using presentation compiler with project's scala-library version: 3.3.4
2024.10.25 11:32:10 INFO  no build target found for C:\Users\Dell\Desktop\studiasuperzabawa\inf\UG_ZaawansowaneJezykiProgramowania\25.10.2024\src\main\scala\zad1.scala. Using presentation compiler with project's scala-library version: 3.3.4
2024.10.25 11:32:11 INFO  no build target found for C:\Users\Dell\Desktop\studiasuperzabawa\inf\UG_ZaawansowaneJezykiProgramowania\25.10.2024\src\main\scala\zad1.scala. Using presentation compiler with project's scala-library version: 3.3.4
2024.10.25 11:32:12 INFO  no build target found for C:\Users\Dell\Desktop\studiasuperzabawa\inf\UG_ZaawansowaneJezykiProgramowania\25.10.2024\src\main\scala\zad1.scala. Using presentation compiler with project's scala-library version: 3.3.4
2024.10.25 11:32:12 INFO  no build target found for C:\Users\Dell\Desktop\studiasuperzabawa\inf\UG_ZaawansowaneJezykiProgramowania\25.10.2024\src\main\scala\zad1.scala. Using presentation compiler with project's scala-library version: 3.3.4
2024.10.25 11:32:18 INFO  no build target found for C:\Users\Dell\Desktop\studiasuperzabawa\inf\UG_ZaawansowaneJezykiProgramowania\25.10.2024\src\main\scala\zad1.scala. Using presentation compiler with project's scala-library version: 3.3.4
2024.10.25 11:32:18 INFO  no build target found for C:\Users\Dell\Desktop\studiasuperzabawa\inf\UG_ZaawansowaneJezykiProgramowania\25.10.2024\src\main\scala\zad1.scala. Using presentation compiler with project's scala-library version: 3.3.4
2024.10.25 11:32:18 INFO  no build target found for C:\Users\Dell\Desktop\studiasuperzabawa\inf\UG_ZaawansowaneJezykiProgramowania\25.10.2024\src\main\scala\zad1.scala. Using presentation compiler with project's scala-library version: 3.3.4
2024.10.25 11:32:18 INFO  no build target found for C:\Users\Dell\Desktop\studiasuperzabawa\inf\UG_ZaawansowaneJezykiProgramowania\25.10.2024\src\main\scala\zad1.scala. Using presentation compiler with project's scala-library version: 3.3.4
2024.10.25 11:32:18 INFO  no build target found for C:\Users\Dell\Desktop\studiasuperzabawa\inf\UG_ZaawansowaneJezykiProgramowania\25.10.2024\src\main\scala\zad1.scala. Using presentation compiler with project's scala-library version: 3.3.4
2024.10.25 11:32:18 INFO  no build target found for C:\Users\Dell\Desktop\studiasuperzabawa\inf\UG_ZaawansowaneJezykiProgramowania\25.10.2024\src\main\scala\zad1.scala. Using presentation compiler with project's scala-library version: 3.3.4
2024.10.25 11:32:19 INFO  no build target found for C:\Users\Dell\Desktop\studiasuperzabawa\inf\UG_ZaawansowaneJezykiProgramowania\25.10.2024\src\main\scala\zad1.scala. Using presentation compiler with project's scala-library version: 3.3.4
2024.10.25 11:32:19 INFO  no build target found for C:\Users\Dell\Desktop\studiasuperzabawa\inf\UG_ZaawansowaneJezykiProgramowania\25.10.2024\src\main\scala\zad1.scala. Using presentation compiler with project's scala-library version: 3.3.4
2024.10.25 11:32:20 INFO  no build target found for C:\Users\Dell\Desktop\studiasuperzabawa\inf\UG_ZaawansowaneJezykiProgramowania\25.10.2024\src\main\scala\zad1.scala. Using presentation compiler with project's scala-library version: 3.3.4
2024.10.25 11:32:26 INFO  no build target found for C:\Users\Dell\Desktop\studiasuperzabawa\inf\UG_ZaawansowaneJezykiProgramowania\25.10.2024\src\main\scala\zad1.scala. Using presentation compiler with project's scala-library version: 3.3.4
2024.10.25 11:32:26 INFO  no build target found for C:\Users\Dell\Desktop\studiasuperzabawa\inf\UG_ZaawansowaneJezykiProgramowania\25.10.2024\src\main\scala\zad1.scala. Using presentation compiler with project's scala-library version: 3.3.4
2024.10.25 11:32:26 INFO  no build target found for C:\Users\Dell\Desktop\studiasuperzabawa\inf\UG_ZaawansowaneJezykiProgramowania\25.10.2024\src\main\scala\zad1.scala. Using presentation compiler with project's scala-library version: 3.3.4
2024.10.25 11:32:29 INFO  no build target found for C:\Users\Dell\Desktop\studiasuperzabawa\inf\UG_ZaawansowaneJezykiProgramowania\25.10.2024\src\main\scala\zad1.scala. Using presentation compiler with project's scala-library version: 3.3.4
2024.10.25 11:32:29 INFO  no build target found for C:\Users\Dell\Desktop\studiasuperzabawa\inf\UG_ZaawansowaneJezykiProgramowania\25.10.2024\src\main\scala\zad1.scala. Using presentation compiler with project's scala-library version: 3.3.4
2024.10.25 11:32:29 INFO  no build target found for C:\Users\Dell\Desktop\studiasuperzabawa\inf\UG_ZaawansowaneJezykiProgramowania\25.10.2024\src\main\scala\zad1.scala. Using presentation compiler with project's scala-library version: 3.3.4
2024.10.25 11:32:30 INFO  no build target found for C:\Users\Dell\Desktop\studiasuperzabawa\inf\UG_ZaawansowaneJezykiProgramowania\25.10.2024\src\main\scala\zad1.scala. Using presentation compiler with project's scala-library version: 3.3.4
2024.10.25 11:32:32 INFO  no build target found for C:\Users\Dell\Desktop\studiasuperzabawa\inf\UG_ZaawansowaneJezykiProgramowania\25.10.2024\src\main\scala\zad1.scala. Using presentation compiler with project's scala-library version: 3.3.4
2024.10.25 11:32:32 INFO  no build target found for C:\Users\Dell\Desktop\studiasuperzabawa\inf\UG_ZaawansowaneJezykiProgramowania\25.10.2024\src\main\scala\zad1.scala. Using presentation compiler with project's scala-library version: 3.3.4
2024.10.25 11:32:32 INFO  no build target found for C:\Users\Dell\Desktop\studiasuperzabawa\inf\UG_ZaawansowaneJezykiProgramowania\25.10.2024\src\main\scala\zad1.scala. Using presentation compiler with project's scala-library version: 3.3.4
2024.10.25 11:32:32 INFO  no build target found for C:\Users\Dell\Desktop\studiasuperzabawa\inf\UG_ZaawansowaneJezykiProgramowania\25.10.2024\src\main\scala\zad1.scala. Using presentation compiler with project's scala-library version: 3.3.4
2024.10.25 11:32:46 INFO  no build target found for C:\Users\Dell\Desktop\studiasuperzabawa\inf\UG_ZaawansowaneJezykiProgramowania\25.10.2024\src\main\scala\zad1.scala. Using presentation compiler with project's scala-library version: 3.3.4
2024.10.25 11:32:50 INFO  no build target found for C:\Users\Dell\Desktop\studiasuperzabawa\inf\UG_ZaawansowaneJezykiProgramowania\25.10.2024\src\main\scala\zad1.scala. Using presentation compiler with project's scala-library version: 3.3.4
2024.10.25 11:32:52 INFO  no build target found for C:\Users\Dell\Desktop\studiasuperzabawa\inf\UG_ZaawansowaneJezykiProgramowania\25.10.2024\src\main\scala\zad1.scala. Using presentation compiler with project's scala-library version: 3.3.4
2024.10.25 11:32:52 INFO  no build target found for C:\Users\Dell\Desktop\studiasuperzabawa\inf\UG_ZaawansowaneJezykiProgramowania\25.10.2024\src\main\scala\zad1.scala. Using presentation compiler with project's scala-library version: 3.3.4
2024.10.25 11:32:53 INFO  no build target found for C:\Users\Dell\Desktop\studiasuperzabawa\inf\UG_ZaawansowaneJezykiProgramowania\25.10.2024\src\main\scala\zad1.scala. Using presentation compiler with project's scala-library version: 3.3.4
2024.10.25 11:32:54 INFO  no build target found for C:\Users\Dell\Desktop\studiasuperzabawa\inf\UG_ZaawansowaneJezykiProgramowania\25.10.2024\src\main\scala\zad1.scala. Using presentation compiler with project's scala-library version: 3.3.4
2024.10.25 11:32:54 WARN  no build target for: C:\Users\Dell\Desktop\studiasuperzabawa\inf\UG_ZaawansowaneJezykiProgramowania\25.10.2024\src\main\scala\zad1.scala
2024.10.25 11:32:54 INFO  no build target found for C:\Users\Dell\Desktop\studiasuperzabawa\inf\UG_ZaawansowaneJezykiProgramowania\25.10.2024\src\main\scala\zad1.scala. Using presentation compiler with project's scala-library version: 3.3.4
paź 25, 2024 11:32:56 AM org.eclipse.lsp4j.jsonrpc.RemoteEndpoint handleCancellation
WARNING: Unmatched cancel notification for request id 75
2024.10.25 11:33:12 INFO  no build target found for C:\Users\Dell\Desktop\studiasuperzabawa\inf\UG_ZaawansowaneJezykiProgramowania\25.10.2024\src\main\scala\zad1.scala. Using presentation compiler with project's scala-library version: 3.3.4
2024.10.25 11:33:44 INFO  no build target found for C:\Users\Dell\Desktop\studiasuperzabawa\inf\UG_ZaawansowaneJezykiProgramowania\25.10.2024\src\main\scala\zad1.scala. Using presentation compiler with project's scala-library version: 3.3.4
2024.10.25 11:33:45 INFO  no build target found for C:\Users\Dell\Desktop\studiasuperzabawa\inf\UG_ZaawansowaneJezykiProgramowania\25.10.2024\src\main\scala\zad1.scala. Using presentation compiler with project's scala-library version: 3.3.4
2024.10.25 11:33:45 INFO  no build target found for C:\Users\Dell\Desktop\studiasuperzabawa\inf\UG_ZaawansowaneJezykiProgramowania\25.10.2024\src\main\scala\zad1.scala. Using presentation compiler with project's scala-library version: 3.3.4
2024.10.25 11:33:45 INFO  no build target found for C:\Users\Dell\Desktop\studiasuperzabawa\inf\UG_ZaawansowaneJezykiProgramowania\25.10.2024\src\main\scala\zad1.scala. Using presentation compiler with project's scala-library version: 3.3.4
2024.10.25 11:33:45 INFO  no build target found for C:\Users\Dell\Desktop\studiasuperzabawa\inf\UG_ZaawansowaneJezykiProgramowania\25.10.2024\src\main\scala\zad1.scala. Using presentation compiler with project's scala-library version: 3.3.4
2024.10.25 11:33:45 INFO  no build target found for C:\Users\Dell\Desktop\studiasuperzabawa\inf\UG_ZaawansowaneJezykiProgramowania\25.10.2024\src\main\scala\zad1.scala. Using presentation compiler with project's scala-library version: 3.3.4
2024.10.25 11:33:47 INFO  no build target found for C:\Users\Dell\Desktop\studiasuperzabawa\inf\UG_ZaawansowaneJezykiProgramowania\25.10.2024\src\main\scala\zad1.scala. Using presentation compiler with project's scala-library version: 3.3.4
2024.10.25 11:33:48 INFO  no build target found for C:\Users\Dell\Desktop\studiasuperzabawa\inf\UG_ZaawansowaneJezykiProgramowania\25.10.2024\src\main\scala\zad1.scala. Using presentation compiler with project's scala-library version: 3.3.4
2024.10.25 11:33:48 INFO  no build target found for C:\Users\Dell\Desktop\studiasuperzabawa\inf\UG_ZaawansowaneJezykiProgramowania\25.10.2024\src\main\scala\zad1.scala. Using presentation compiler with project's scala-library version: 3.3.4
2024.10.25 11:33:48 INFO  no build target found for C:\Users\Dell\Desktop\studiasuperzabawa\inf\UG_ZaawansowaneJezykiProgramowania\25.10.2024\src\main\scala\zad1.scala. Using presentation compiler with project's scala-library version: 3.3.4
2024.10.25 11:33:48 INFO  no build target found for C:\Users\Dell\Desktop\studiasuperzabawa\inf\UG_ZaawansowaneJezykiProgramowania\25.10.2024\src\main\scala\zad1.scala. Using presentation compiler with project's scala-library version: 3.3.4
2024.10.25 11:33:49 INFO  no build target found for C:\Users\Dell\Desktop\studiasuperzabawa\inf\UG_ZaawansowaneJezykiProgramowania\25.10.2024\src\main\scala\zad1.scala. Using presentation compiler with project's scala-library version: 3.3.4
2024.10.25 11:33:49 WARN  no build target for: C:\Users\Dell\Desktop\studiasuperzabawa\inf\UG_ZaawansowaneJezykiProgramowania\25.10.2024\src\main\scala\zad1.scala
2024.10.25 11:33:49 INFO  no build target found for C:\Users\Dell\Desktop\studiasuperzabawa\inf\UG_ZaawansowaneJezykiProgramowania\25.10.2024\src\main\scala\zad1.scala. Using presentation compiler with project's scala-library version: 3.3.4
2024.10.25 11:33:51 INFO  no build target found for C:\Users\Dell\Desktop\studiasuperzabawa\inf\UG_ZaawansowaneJezykiProgramowania\25.10.2024\src\main\scala\zad1.scala. Using presentation compiler with project's scala-library version: 3.3.4
2024.10.25 11:33:51 INFO  no build target found for C:\Users\Dell\Desktop\studiasuperzabawa\inf\UG_ZaawansowaneJezykiProgramowania\25.10.2024\src\main\scala\zad1.scala. Using presentation compiler with project's scala-library version: 3.3.4
2024.10.25 11:33:52 WARN  no build target for: C:\Users\Dell\Desktop\studiasuperzabawa\inf\UG_ZaawansowaneJezykiProgramowania\25.10.2024\src\main\scala\zad1.scala
2024.10.25 11:33:52 INFO  no build target found for C:\Users\Dell\Desktop\studiasuperzabawa\inf\UG_ZaawansowaneJezykiProgramowania\25.10.2024\src\main\scala\zad1.scala. Using presentation compiler with project's scala-library version: 3.3.4
2024.10.25 11:35:02 INFO  Shutting down server
2024.10.25 11:35:02 INFO  shutting down Metals
2024.10.25 11:35:02 INFO  Exiting server
2024.10.25 11:35:49 INFO  Started: Metals version 1.4.0 in folders 'C:\Users\Dell\Desktop\studiasuperzabawa\inf\UG_ZaawansowaneJezykiProgramowania' for client Visual Studio Code 1.94.2.
2024.10.25 11:35:51 WARN  Flyway upgrade recommended: H2 2.3.232 is newer than this version of Flyway and support has not been tested. The latest supported version of H2 is 2.2.224.
2024.10.25 11:35:51 INFO  no build target found for C:\Users\Dell\Desktop\studiasuperzabawa\inf\UG_ZaawansowaneJezykiProgramowania\25.10.2024\src\main\scala\zad1.scala. Using presentation compiler with project's scala-library version: 3.3.4
2024.10.25 11:35:54 INFO  no build target found for C:\Users\Dell\Desktop\studiasuperzabawa\inf\UG_ZaawansowaneJezykiProgramowania\25.10.2024\src\main\scala\zad1.scala. Using presentation compiler with project's scala-library version: 3.3.4
paź 25, 2024 11:35:54 AM org.eclipse.lsp4j.jsonrpc.RemoteEndpoint handleCancellation
WARNING: Unmatched cancel notification for request id 2
2024.10.25 11:35:54 INFO  no build target found for C:\Users\Dell\Desktop\studiasuperzabawa\inf\UG_ZaawansowaneJezykiProgramowania\25.10.2024\src\main\scala\zad1.scala. Using presentation compiler with project's scala-library version: 3.3.4
2024.10.25 11:35:54 INFO  skipping build import with status 'Failed'
2024.10.25 11:35:54 INFO  no build target found for C:\Users\Dell\Desktop\studiasuperzabawa\inf\UG_ZaawansowaneJezykiProgramowania\25.10.2024\src\main\scala\zad1.scala. Using presentation compiler with project's scala-library version: 3.3.4
2024.10.25 11:35:54 INFO  no build target found for C:\Users\Dell\Desktop\studiasuperzabawa\inf\UG_ZaawansowaneJezykiProgramowania\25.10.2024\src\main\scala\zad1.scala. Using presentation compiler with project's scala-library version: 3.3.4
2024.10.25 11:35:54 INFO  no build target found for C:\Users\Dell\Desktop\studiasuperzabawa\inf\UG_ZaawansowaneJezykiProgramowania\25.10.2024\src\main\scala\zad1.scala. Using presentation compiler with project's scala-library version: 3.3.4
2024.10.25 11:36:01 INFO  time: code lens generation in 6.77s
paź 25, 2024 11:36:08 AM org.eclipse.lsp4j.jsonrpc.services.GenericEndpoint notify
INFO: Unsupported notification method: $/setTrace
2024.10.25 11:36:08 INFO  no build target found for C:\Users\Dell\Desktop\studiasuperzabawa\inf\UG_ZaawansowaneJezykiProgramowania\25.10.2024\src\main\scala\zad1.scala. Using presentation compiler with project's scala-library version: 3.3.4
paź 25, 2024 11:36:38 AM org.eclipse.lsp4j.jsonrpc.services.GenericEndpoint notify
INFO: Unsupported notification method: $/setTrace
2024.10.25 11:36:48 INFO  no build target found for C:\Users\Dell\Desktop\studiasuperzabawa\inf\UG_ZaawansowaneJezykiProgramowania\25.10.2024\src\main\scala\zad1.scala. Using presentation compiler with project's scala-library version: 3.3.4
